<?xml version="1.0" encoding="utf-8"?><testsuites name="pytest tests"><testsuite name="pytest" errors="0" failures="0" skipped="0" tests="37" time="13.199" timestamp="2026-08-17T22:11:59.550630+00:00" hostname="agent-env-9acda66b-710d-4e55-9309-5118d61fe289"><testcase classname="tests.backend_test.TestAuth" name="test_no_token_returns_401" time="0.252" /><testcase classname="tests.backend_test.TestAuth" name="test_invalid_token_returns_401" time="0.147" /><testcase classname="tests.backend_test.TestAuth" name="test_login_wrong_password" time="0.360" /><testcase classname="tests.backend_test.TestAuth" name="test_login_success_and_me" time="0.447" /><testcase classname="tests.backend_test.TestDashboard" name="test_admin_dashboard" time="0.079" /><testcase classname="tests.backend_test.TestModalities" name="test_list_seeded_modalities" time="0.068" /><testcase classname="tests.backend_test.TestModalities" name="test_create_modality" time="0.267" /><testcase classname="tests.backend_test.TestModalities" name="test_update_modality_belt_system" time="0.082" /><testcase classname="tests.backend_test.TestPlans" name="test_list_seeded_plans" time="0.850" /><testcase classname="tests.backend_test.TestPlans" name="test_create_plan" time="0.071" /><testcase classname="tests.backend_test.TestStudents" name="test_create_student_with_login" time="0.305" /><testcase classname="tests.backend_test.TestStudents" name="test_get_student" time="1.412" /><testcase classname="tests.backend_test.TestStudents" name="test_search_students" time="0.072" /><testcase classname="tests.backend_test.TestStudents" name="test_update_student" time="0.071" /><testcase classname="tests.backend_test.TestTeachers" name="test_create_teacher" time="0.681" /><testcase classname="tests.backend_test.TestTeachers" name="test_list_teachers" time="0.069" /><testcase classname="tests.backend_test.TestTeachers" name="test_update_teacher" time="0.067" /><testcase classname="tests.backend_test.TestClasses" name="test_create_class" time="0.082" /><testcase classname="tests.backend_test.TestClasses" name="test_list_classes" time="0.070" /><testcase classname="tests.backend_test.TestClasses" name="test_class_students_empty" time="0.074" /><testcase classname="tests.backend_test.TestEnrollment" name="test_create_enrollment_creates_invoice" time="0.145" /><testcase classname="tests.backend_test.TestEnrollment" name="test_class_students_after_enroll" time="0.076" /><testcase classname="tests.backend_test.TestInvoices" name="test_pay_invoice" time="0.096" /><testcase classname="tests.backend_test.TestInvoices" name="test_overdue_list" time="0.084" /><testcase classname="tests.backend_test.TestAttendance" name="test_register_attendance" time="0.074" /><testcase classname="tests.backend_test.TestAttendance" name="test_get_class_attendance" time="0.082" /><testcase classname="tests.backend_test.TestAttendance" name="test_student_attendance_summary" time="0.072" /><testcase classname="tests.backend_test.TestGraduation" name="test_create_graduation" time="0.103" /><testcase classname="tests.backend_test.TestGraduation" name="test_history" time="1.859" /><testcase classname="tests.backend_test.TestGraduation" name="test_current_belt" time="0.104" /><testcase classname="tests.backend_test.TestAnnouncements" name="test_create_and_list_announcement" time="1.817" /><testcase classname="tests.backend_test.TestStudentRBAC" name="test_student_can_login" time="0.383" /><testcase classname="tests.backend_test.TestStudentRBAC" name="test_student_cannot_create_student" time="1.292" /><testcase classname="tests.backend_test.TestStudentRBAC" name="test_student_can_get_self" time="0.066" /><testcase classname="tests.backend_test.TestStudentRBAC" name="test_student_cannot_get_other" time="0.142" /><testcase classname="tests.backend_test.TestStudentRBAC" name="test_student_dashboard" time="0.079" /><testcase classname="tests.backend_test.TestCleanup" name="test_cleanup" time="1.135" /></testsuite></testsuites>